<?xml version="1.0" encoding="UTF-8"?>
<testng-results ignored="0" total="1" passed="1" failed="0" skipped="0">
  <reporter-output>
  </reporter-output>
  <suite started-at="2019-05-22T03:31:21Z" name="Suite" finished-at="2019-05-22T03:31:21Z" duration-ms="31">
    <groups>
    </groups>
    <test started-at="2019-05-22T03:31:21Z" name="Test" finished-at="2019-05-22T03:31:21Z" duration-ms="31">
      <class name="com.dummy.maven.Login">
        <test-method signature="lgn()[pri:0, instance:com.dummy.maven.Login@701fc37a]" started-at="2019-05-22T03:31:21Z" name="lgn" finished-at="2019-05-22T03:31:21Z" duration-ms="13" status="PASS">
          <reporter-output>
          </reporter-output>
        </test-method> <!-- lgn -->
      </class> <!-- com.dummy.maven.Login -->
    </test> <!-- Test -->
  </suite> <!-- Suite -->
</testng-results>
