<?xml version="1.0" encoding="UTF-8"?>
<testng-results ignored="0" total="1" passed="1" failed="0" skipped="0">
  <reporter-output>
  </reporter-output>
  <suite started-at="2019-05-30T02:23:54Z" name="Default suite" finished-at="2019-05-30T02:23:54Z" duration-ms="44">
    <groups>
    </groups>
    <test started-at="2019-05-30T02:23:54Z" name="Default test" finished-at="2019-05-30T02:23:54Z" duration-ms="44">
      <class name="com.dummy.base.DummyBase">
        <test-method signature="DummyBasetest()[pri:0, instance:com.dummy.base.DummyBase@50a7bc6e]" started-at="2019-05-30T02:23:54Z" name="DummyBasetest" finished-at="2019-05-30T02:23:54Z" duration-ms="11" status="PASS">
          <reporter-output>
          </reporter-output>
        </test-method> <!-- DummyBasetest -->
      </class> <!-- com.dummy.base.DummyBase -->
    </test> <!-- Default test -->
  </suite> <!-- Default suite -->
</testng-results>
